INFO:sim:172 - Generating IP...
Resolving generics for 'RAMBlock'...
Applying external generics to 'RAMBlock'...
Delivering associated files for 'RAMBlock'...
Delivering EJava files for 'RAMBlock'...
Generating implementation netlist for 'RAMBlock'...
INFO:sim - Pre-processing HDL files for 'RAMBlock'...
Running synthesis for 'RAMBlock'
Running ngcbuild...
Writing VHO instantiation template for 'RAMBlock'...
Writing VHDL behavioral simulation model for 'RAMBlock'...
WARNING:sim - Overwriting existing file
   /home/ise/XilinxShared/BlueFPGA/VHDL/tmp/_cg/RAMBlock/doc/blk_mem_gen_v7_3_vi
   nfo.html with file from view xilinx_documentation
Delivered 1 file into directory
/home/ise/XilinxShared/BlueFPGA/VHDL/tmp/_cg/RAMBlock
Generating ASY schematic symbol...
INFO:sim:949 - Finished generation of ASY schematic symbol.
Generating SYM schematic symbol for 'RAMBlock'...
Generating metadata file...
Generating ISE project file for 'RAMBlock'...
Generating ISE project...
XCO file found: RAMBlock.xco
XMDF file found: RAMBlock_xmdf.tcl
Adding /home/ise/XilinxShared/BlueFPGA/VHDL/tmp/_cg/RAMBlock.asy -view all
-origin_type imported
Adding /home/ise/XilinxShared/BlueFPGA/VHDL/tmp/_cg/RAMBlock.ngc -view all
-origin_type created
Checking file "/home/ise/XilinxShared/BlueFPGA/VHDL/tmp/_cg/RAMBlock.ngc" for
project device match ...
File "/home/ise/XilinxShared/BlueFPGA/VHDL/tmp/_cg/RAMBlock.ngc" device
information matches project device.
Adding /home/ise/XilinxShared/BlueFPGA/VHDL/tmp/_cg/RAMBlock.sym -view all
-origin_type imported
Adding /home/ise/XilinxShared/BlueFPGA/VHDL/tmp/_cg/RAMBlock.vhd -view all
-origin_type created
INFO:HDLCompiler:1061 - Parsing VHDL file
   "/home/ise/XilinxShared/BlueFPGA/VHDL/tmp/_cg/RAMBlock.vhd" into library work
INFO:ProjectMgmt - Parsing design hierarchy completed successfully.
Adding /home/ise/XilinxShared/BlueFPGA/VHDL/tmp/_cg/RAMBlock.vho -view all
-origin_type imported
INFO:TclTasksC:2116 - The automatic calculation of top has been turned-off.
   Please set the new top explicitly by running the "project set top" command.
   To re-calculate the new top automatically, set the "Auto Implementation Top"
   property to true.
Top level has been set to "/RAMBlock"
Generating README file...
Generating FLIST file...
INFO:sim:948 - Finished FLIST file generation.
Launching README viewer...
Moving files to output directory...
Finished moving files to output directory
Wrote CGP file for project 'RAMBlock'.
